This file contains any messages produced by compilers while
running configure, to aid debugging if configure makes a mistake.

It was created by configure, which was
generated by GNU Autoconf 2.61.  Invocation command line was

  $ ./configure --no-create --no-recursion

## --------- ##
## Platform. ##
## --------- ##

hostname = SYS286558
uname -m = i686
uname -r = 1.5.24(0.156/4/2)
uname -s = CYGWIN_NT-5.1
uname -v = 2007-01-31 10:57

/usr/bin/uname -p = unknown
/bin/uname -X     = unknown

/bin/arch              = i686
/usr/bin/arch -k       = i686
/usr/convex/getsysinfo = unknown
/usr/bin/hostinfo      = unknown
/bin/machine           = unknown
/usr/bin/oslevel       = unknown
/bin/universe          = unknown

PATH: /usr/local/bin
PATH: /usr/bin
PATH: /bin
PATH: /usr/X11R6/bin
PATH: /cygdrive/c/WINDOWS/SYSTEM32
PATH: /cygdrive/c/WINDOWS
PATH: /cygdrive/c/WINDOWS/SYSTEM32/WBEM
PATH: /cygdrive/c/PROGRAM FILES/ATI TECHNOLOGIES/ATI.ACE/
PATH: /cygdrive/c/PROGRAM FILES/EXECUTIVE SOFTWARE/DISKEEPERWORKSTATION/
PATH: /cygdrive/c/DMI/WIN32/BIN
PATH: /cygdrive/c/Program Files/Subversion/bin
PATH: /usr/X11R6/bin
PATH: /usr/local/bin
PATH: /usr/local


## ----------- ##
## Core tests. ##
## ----------- ##

configure:1639: checking whether make sets $(MAKE)
configure:1660: result: yes
configure:1713: checking for a BSD-compatible install
configure:1769: result: /usr/bin/install -c
configure:1782: checking for makeinfo
configure:1798: found /usr/bin/makeinfo
configure:1810: result: makeinfo
configure:1820: checking for texi2dvi
configure:1836: found /usr/bin/texi2dvi
configure:1848: result: texi2dvi
configure:1858: checking for ptex
configure:1886: result: false
configure:1896: checking for jbibtex
configure:1924: result: false
configure:1934: checking for dvipdfmx
configure:1962: result: false
configure:1972: checking for texi2pdf
configure:1988: found /usr/bin/texi2pdf
configure:2000: result: texi2pdf
configure:2012: checking for egrep
configure:2028: found /usr/bin/egrep
configure:2039: result: egrep
configure:2244: checking for emacs
configure:2277: result: no
configure:2244: checking for xemacs
configure:2277: result: no
configure:2301: checking what a flavor does emacs have
emacs -q -no-site-file --no-unibyte -batch -eval '(let ((x (if (featurep (quote xemacs))	(if (and	     (condition-case nil		 (progn		   (unless (or itimer-process itimer-timer)		     (itimer-driver-start))		   (let* ((inhibit-quit t)			  (ctime (current-time))			  (itimer-timer-last-wakeup			   (prog1			       ctime			     (setcar ctime (1- (car ctime)))))			  (itimer-list nil)			  (itimer (start-itimer "*testing*"						(function ignore) 5)))		     (sleep-for 0.1)		     (prog1			 (> (itimer-value itimer) 0)		       (delete-itimer itimer))))	       (error nil))	     (string-match	      (concat (vector 94 92 40 63 58 32 43 92 41 42 92 91 92 93))	      (concat (vector 32 91 93)))	     (or (not (executable-find "cat"))		 (with-temp-buffer		   (insert "foo")		   (backward-char)		   (call-process-region (1- (point)) (point) "cat" t t)		   (goto-char (point-min))		   (looking-at "foo"))))	    "XEmacs"	  (let ((v (emacs-version)))	    (if (string-match (char-to-string 41) v)		(substring v 0 (match-end 0))	      "Old XEmacs")))      (format "Emacs %d.%d" emacs-major-version emacs-minor-version)))) (write-region (if (stringp x) (princ x) (prin1-to-string x)) nil "./conftest-700" nil 5))'
./configure: line 2350: emacs: command not found
=> 
configure:2372: result: 
configure:2375: error:  is not supported.

## ---------------- ##
## Cache variables. ##
## ---------------- ##

EMACS_cv_SYS_flavor=
ac_cv_env_build_alias_set=
ac_cv_env_build_alias_value=
ac_cv_env_host_alias_set=
ac_cv_env_host_alias_value=
ac_cv_env_target_alias_set=
ac_cv_env_target_alias_value=
ac_cv_path_install='/usr/bin/install -c'
ac_cv_prog_DVIPDFMX=false
ac_cv_prog_EGREP=egrep
ac_cv_prog_JBIBTEX=false
ac_cv_prog_MAKEINFO=makeinfo
ac_cv_prog_PTEX=false
ac_cv_prog_TEXI2DVI=texi2dvi
ac_cv_prog_TEXI2PDF=texi2pdf
ac_cv_prog_make_make_set=yes

## ----------------- ##
## Output variables. ##
## ----------------- ##

ADDITIONAL_LOAD_PATH=''
DEFS=''
DVIPDFMX='false'
ECHO_C=''
ECHO_N='-n'
ECHO_T=''
EGREP='egrep'
EMACS='emacs'
ICONDIR=''
INSTALL_DATA='${INSTALL} -m 644'
INSTALL_PROGRAM='${INSTALL}'
INSTALL_SCRIPT='${INSTALL}'
JBIBTEX='false'
LIBOBJS=''
LIBS=''
LTLIBOBJS=''
MAKEINFO='makeinfo'
PACKAGEDIR=''
PACKAGE_BUGREPORT=''
PACKAGE_NAME=''
PACKAGE_STRING=''
PACKAGE_TARNAME=''
PACKAGE_VERSION=''
PATH_SEPARATOR=':'
PTEX='false'
SET_MAKE=''
SHELL='/bin/sh'
TEXI2DVI='texi2dvi'
TEXI2PDF='texi2pdf'
VANILLA_FLAG='-q -no-site-file --no-unibyte'
XEMACSDEBUG=''
bindir='${exec_prefix}/bin'
build_alias=''
datadir='${datarootdir}'
datarootdir='${prefix}/share'
docdir='${datarootdir}/doc/${PACKAGE}'
dvidir='${docdir}'
exec_prefix='NONE'
host_alias=''
htmldir='${docdir}'
includedir='${prefix}/include'
infodir='${datarootdir}/info'
libdir='${exec_prefix}/lib'
libexecdir='${exec_prefix}/libexec'
lispdir=''
localedir='${datarootdir}/locale'
localstatedir='${prefix}/var'
mandir='${datarootdir}/man'
oldincludedir='/usr/include'
pdfdir='${docdir}'
prefix='NONE'
program_transform_name='s,x,x,'
psdir='${docdir}'
sbindir='${exec_prefix}/sbin'
sharedstatedir='${prefix}/com'
sysconfdir='${prefix}/etc'
target_alias=''

## ----------- ##
## confdefs.h. ##
## ----------- ##

#define PACKAGE_NAME ""
#define PACKAGE_TARNAME ""
#define PACKAGE_VERSION ""
#define PACKAGE_STRING ""
#define PACKAGE_BUGREPORT ""

configure: exit 1
