This is e-TeX, Version 3.141592-2.2 (MiKTeX 2.4) (preloaded format=latex 2006.1.20)  29 SEP 2006 08:01
entering extended mode
**\nonstopmode\input{bbdb-print.tex}
(bbdb-print.tex
! Undefined control sequence.
l.56 \footline
              {\hfil}
The control sequence at the end of the top line
of your error message was never \def'ed. If you have
misspelled it (e.g., `\hobx'), type `I' and the correct
spelling (e.g., `I\hbox'). Otherwise just continue,
and I'll forget about whatever was undefined.


! LaTeX Error: Missing \begin{document}.

See the LaTeX manual or LaTeX Companion for explanation.
Type  H <return>  for immediate help.
 ...                                              
                                                  
l.56 \footline{\hfil
                    }
You're in trouble here.  Try typing  <return>  to proceed.
If that doesn't work, type  X <return>  to quit.

)
! Emergency stop.
<*> \nonstopmode\input{bbdb-print.tex}
                                      
*** (job aborted, no legal \end found)

 
Here is how much of TeX's memory you used:
 38 strings out of 95901
 256 string characters out of 1195329
 44793 words of memory out of 1048577
 3169 multiletter control sequences out of 60000
 3640 words of font info for 14 fonts, out of 1000000 for 2000
 14 hyphenation exceptions out of 4999
 7i,0n,4p,117b,16s stack positions out of 5000i,500n,10000p,200000b,32768s
No pages of output.
