This is pdfeTeXk, Version 3.14159-1.10b-2.1 (Web2C 7.4.5) (format=pdfetex 2005.9.6)  22 SEP 2005 20:48
entering extended mode
 file:line:error style messages enabled.
**/home/abturet/emacs/site/xslt-process/doc/xslt-process.texi
(/home/abturet/emacs/site/xslt-process/doc/xslt-process.texi{/usr/share/texmf/p
dftex/config/pdftex.cfg} (./texinfo.tex
Loading texinfo [version 2001-06-17.00]: Basics,
\bindingoffset=\dimen16
\normaloffset=\dimen17
\pagewidth=\dimen18
\pageheight=\dimen19
\outerhsize=\dimen20
\outervsize=\dimen21
\cornerlong=\dimen22
\cornerthick=\dimen23
\topandbottommargin=\dimen24
\headlinebox=\box16
\footlinebox=\box17
\margin=\insert252
\EMsimple=\toks13
\singlespaceskip=\skip18
\groupinvalidhelp=\toks14
\mil=\dimen25
\exdentamount=\skip19
\inmarginspacing=\skip20
 pdf,
\tempnum=\count27
\lnkcount=\count28
\filename=\toks15
\filenamelength=\count29
\pgn=\count30
\toksA=\toks16
\toksB=\toks17
\toksC=\toks18
\toksD=\toks19
\boxA=\box18
\countA=\count31

(/usr/share/texmf/pdftex/plain/misc/pdfcolor.tex) fonts,
\sffam=\fam8
\mainmagstep=\count32
\fontdepth=\count33
 page headings,
\titlepagetopglue=\skip21
\titlepagebottomglue=\skip22
\evenheadline=\toks20
\oddheadline=\toks21
\evenfootline=\toks22
\oddfootline=\toks23

tables,
\tableindent=\dimen26
\itemindent=\dimen27
\itemmargin=\dimen28
\itemmax=\dimen29
\itemno=\count34
\multitableparskip=\skip23
\multitableparindent=\skip24
\multitablecolspace=\dimen30
\multitablelinespace=\skip25
\colcount=\count35
 conditionals, indexing,
\secondaryindent=\skip26
\partialpage=\box19
\doublecolumnhsize=\dimen31
 sectioning,
\chapno=\count36
\secno=\count37
\subsecno=\count38
\subsubsecno=\count39
\appendixno=\count40
\absseclevel=\count41
\secbase=\count42
\chapheadingskip=\skip27
\secheadingskip=\skip28
\subsecheadingskip=\skip29
 toc,
\tocfile=\write0
\contentsrightmargin=\skip30
\savepageno=\count43
\lastnegativepageno=\count44
\shortappendixwidth=\dimen32
\tocindent=\dimen33
 environments,
\dblarrowbox=\box20
\longdblarrowbox=\box21
\pushcharbox=\box22
\bullbox=\box23
\equivbox=\box24
\errorbox=\box25
\lispnarrowing=\skip31
\envskipamount=\skip32
\circthick=\dimen34
\cartouter=\dimen35
\cartinner=\dimen36
\normbskip=\skip33
\normpskip=\skip34
\normlskip=\skip35
\lskip=\skip36
\rskip=\skip37
 defuns,
\defbodyindent=\skip38
\defargsindent=\skip39
\deftypemargin=\skip40
\deflastargmargin=\skip41
\parencount=\count45
 macros,
\paramno=\count46
\macname=\toks24

cross references,
\auxfile=\write1
\savesfregister=\count47
\footnoteno=\count48
 (/usr/share/texmf/tex/generic/misc/epsf.tex
\epsffilein=\read1
\epsfframemargin=\dimen37
\epsfframethickness=\dimen38
\epsfrsize=\dimen39
\epsftmp=\dimen40
\epsftsize=\dimen41
\epsfxsize=\dimen42
\epsfysize=\dimen43
\pspoints=\dimen44
\epsfnoopenhelp=\toks25
)
\noepsfhelp=\toks26
 localization,
\nolanghelp=\toks27
\defaultparindent=\dimen45

and turning on texinfo input format.) (./xslt-process.aux)
@cpindfile=@write2
@fnindfile=@write3
@vrindfile=@write4
@tpindfile=@write5
@kyindfile=@write6
@pgindfile=@write7
 (./version.texi)
[1
\openout1 = `xslt-process.aux'.

\openout2 = `xslt-process.cp'.

\openout3 = `xslt-process.fn'.

\openout4 = `xslt-process.vr'.

\openout5 = `xslt-process.tp'.

\openout6 = `xslt-process.ky'.

\openout7 = `xslt-process.pg'.

{/usr/share/texmf/dvips/config/pdftex.map}] [2] Chapter 1
\openout0 = `xslt-process.toc'.


Underfull \hbox (badness 4995) in paragraph at lines 159--164
[]/cmr10@10.95pt/The project is gra-ciously hosted by Source-Forge, and could b
e found at

@hbox(7.60416+2.12917)x433.62, glue set 3.6857
.@hbox(0.0+0.0)x15.0
./cmr10@10.95pt/T
./cmr10@10.95pt/h
./cmr10@10.95pt/e
.@glue 3.65 plus 1.825 minus 1.21666
.etc.

Chapter 2 [1] [2] [3] Chapter 3 [4 <./xslt-mode.pdf>] [5 <./processors.pdf> <./
apply-xslt.pdf>]
Overfull \hbox (10.38pt too wide) in paragraph at lines 504--506
[] 

@hbox(347.0+0.0)x433.62
.@pdfrefximage(347.0+0.0)x444.0
.@penalty 10000
.@glue(@parfillskip) 0.0 plus 1.0fil
.@glue(@rightskip) 0.0

[6] [7 <./xslt-errors.pdf>]
Overfull \hbox (5.38pt too wide) in paragraph at lines 613--615
[] 

@hbox(168.0+0.0)x433.62
.@pdfrefximage(168.0+0.0)x439.0
.@penalty 10000
.@glue(@parfillskip) 0.0 plus 1.0fil
.@glue(@rightskip) 0.0

[8 <./xslt-registry.pdf>] Chapter 4 [9 <./assoc-stylesheet.pdf>] [10]
Overfull \hbox (1.19pt too wide) in paragraph at lines 743--744
 [] 

@hbox(220.0+0.0)x216.81
.@glue(@leftskip) 12.0
.@pdfrefximage(220.0+0.0)x206.0
.@penalty 10000
.@glue(@parfillskip) 0.0 plus 1.0fil
.@glue(@rightskip) 0.0

[11 <./xsltd-mode.pdf>] [12 <./xslt-menu.pdf> <./xsltd-menu.pdf>] [13]
Overfull \hbox (10.38pt too wide) in paragraph at lines 893--895
[] 

@hbox(359.0+0.0)x433.62
.@pdfrefximage(359.0+0.0)x444.0
.@penalty 10000
.@glue(@parfillskip) 0.0 plus 1.0fil
.@glue(@rightskip) 0.0

[14 <./xsltd-stopped.pdf>]
Missing character: There is no ^^b6 in font cmr10!
 Chapter 5 [15 <./boolean.pdf> <./number.pdf> <./string.pdf> <./tree.pdf> <./ob
ject.pdf> <./type.pdf>] [16 <./speedbar.pdf>]
Chapter 6 [17] Chapter 7 [18] Chapter 8 [19] [20] [21] (./xslt-process.toc)
[-1] (./xslt-process.toc) (./xslt-process.toc) ) 
Here is how much of TeX's memory you used:
 1565 strings out of 97344
 18436 string characters out of 1213142
 40877 words of memory out of 1000001
 2640 multiletter control sequences out of 10000+50000
 30704 words of font info for 106 fonts, out of 500000 for 1000
 19 hyphenation exceptions out of 1000
 14i,6n,16p,282b,254s stack positions out of 1500i,500n,5000p,200000b,5000s
 428 PDF objects out of 300000
 48 named destinations out of 131072
 267 words of extra memory for PDF output out of 65536
{/usr/share/texmf/dvips/tetex/f
7b6d320.enc}</usr/share/texmf/fonts/type1/bluesky/cm/cmsl10.pfb></usr/share/tex
mf/fonts/type1/bluesky/cm/cmb10.pfb>{/usr/share/texmf/dvips/tetex/74afc74c.enc}
</usr/share/texmf/fonts/type1/bluesky/cm/cmbxti10.pfb>{/usr/share/texmf/dvips/t
etex/09fbbfac.enc}</usr/share/texmf/fonts/type1/bluesky/cm/cmsltt10.pfb></usr/s
hare/texmf/fonts/type1/bluesky/cm/cmtt10.pfb></usr/share/texmf/fonts/type1/blue
sky/cm/cmti10.pfb>{/usr/share/texmf/dvips/tetex/bbad153f.enc}</usr/share/texmf/
fonts/type1/bluesky/cm/cmsy10.pfb></usr/share/texmf/fonts/type1/bluesky/cm/cmr1
0.pfb></usr/share/texmf/fonts/type1/bluesky/cm/cmbx12.pfb>
Output written on xslt-process.pdf (24 pages, 310872 bytes).
