This file contains any messages produced by compilers while
running configure, to aid debugging if configure makes a mistake.

It was created by configure, which was
generated by GNU Autoconf 2.57.  Invocation command line was

  $ ./configure 

## --------- ##
## Platform. ##
## --------- ##

hostname = arit93.ariserve.dynup.net
uname -m = i686
uname -r = 2.6.12-gentoo-r6
uname -s = Linux
uname -v = #7 Thu Aug 4 21:05:53 CDT 2005

/usr/bin/uname -p = AMD Athlon(tm) XP 2600+
/bin/uname -X     = unknown

/bin/arch              = i686
/usr/bin/arch -k       = unknown
/usr/convex/getsysinfo = unknown
hostinfo               = unknown
/bin/machine           = unknown
/usr/bin/oslevel       = unknown
/bin/universe          = unknown

PATH: /usr/local/bin
PATH: /usr/bin
PATH: /bin
PATH: /opt/bin
PATH: /usr/i686-pc-linux-gnu/gcc-bin/3.3.5-20050130
PATH: /opt/sun-jdk-1.4.2.08/bin
PATH: /opt/sun-jdk-1.4.2.08/jre/bin
PATH: /opt/sun-jdk-1.4.2.08/jre/javaws
PATH: /opt/Qtopia/bin
PATH: /usr/qt/3/bin
PATH: /usr/kde/3.4/bin
PATH: /usr/kde/3.3/bin
PATH: /usr/kde/3.2/bin
PATH: /usr/games/bin
PATH: /home/abturet/bin
PATH: /usr/bin/nant/bin


## ----------- ##
## Core tests. ##
## ----------- ##

configure:1196: checking whether make sets $(MAKE)
configure:1216: result: yes
configure:1262: checking for a BSD-compatible install
configure:1316: result: /usr/bin/install -c
configure:1346: checking for makeinfo
configure:1362: found /usr/bin/makeinfo
configure:1373: result: makeinfo
configure:1383: checking for emacs
configure:1399: found /usr/bin/emacs
configure:1410: result: emacs
configure:1420: checking if emacs is really XEmacs
emacs -batch -eval (let ((x (if (string-match "XEmacs" emacs-version) "yes" "no") )) (write-region (if (stringp x) (princ x) (prin1-to-string x)) nil "./conftest-30586"))
=> no
configure:1453: result: no
configure:1459: checking prefix for your Emacs
emacs -batch -eval (let ((x (expand-file-name ".." invocation-directory))) (write-region (if (stringp x) (princ x) (prin1-to-string x)) nil "./conftest-30586"))
=> /usr
configure:1488: result: /usr
configure:1497: checking where .elc files should go
configure:1522: result: $(datadir)/emacs/site-lisp
configure:1533: checking where etc files should go
configure:1542: result: $(lispdir)/../etc
configure:1547: checking where the TeXinfo docs should go
configure:1558: result: $(prefix)/info
configure:1563: checking for acceptable URL version
emacs -batch -eval (let ((x (progn (fmakunbound 'url-retrieve) (condition-case nil (progn (require 'url) (fboundp 'url-retrieve)) (error (prog1 nil (message "url not found"))))))) (write-region (if (stringp x) (princ x) (prin1-to-string x)) nil "./conftest-30586"))
url not found
=> nil
configure:1660: result: "no"
configure:1664: checking for acceptable W3 version
emacs -batch -eval (let ((x (progn (fmakunbound 'w3-form-encode-xwfu) (condition-case nil (progn (require 'w3-forms) (fboundp 'w3-form-encode-xwfu)) (error (prog1 nil (message "w3-forms not found"))))))) (write-region (if (stringp x) (princ x) (prin1-to-string x)) nil "./conftest-30586"))
w3-forms not found
=> nil
configure:1761: result: "no"
configure:1765: checking which options to pass on to (X)Emacs
configure:1776: result: -batch -q -no-site-file -l $(srcdir)/dgnushack.el
configure:1786: checking for latex
configure:1804: found /usr/bin/latex
configure:1816: result: /usr/bin/latex
configure:1827: checking for available fonts
This is TeX, Version 3.14159 (Web2C 7.4.5)
(./conftest-30586
LaTeX2e <2001/06/01>
Babel <v3.7h> and hyphenation patterns for american, french, german, ngerman, n
ohyphenation, loaded.

(/usr/share/texmf/tex/latex/base/article.cls
Document Class: article 2001/04/21 v1.4e Standard LaTeX document class
(/usr/share/texmf/tex/latex/base/size10.clo))

! LaTeX Error: File `bembo.sty' not found.

Type X to quit or <RETURN> to proceed,
or enter new name. (Default extension: sty)

Enter file name: 
! Emergency stop.
<read *> 
         
l.1 ...umentclass{article}\usepackage{bembo}\begin
                                                  {document}\end{document}^^M
No pages of output.
Transcript written on conftest-30586.log.
LaTeX Font Warning: Some font shapes were not available, defaults substituted.
LaTeX Font Warning: Some font shapes were not available, defaults substituted.
configure:1904: result: "no"
configure:2043: creating ./config.status

## ---------------------- ##
## Running config.status. ##
## ---------------------- ##

This file was extended by config.status, which was
generated by GNU Autoconf 2.57.  Invocation command line was

  CONFIG_FILES    = 
  CONFIG_HEADERS  = 
  CONFIG_LINKS    = 
  CONFIG_COMMANDS = 
  $ ./config.status 

on arit93.ariserve.dynup.net

config.status:624: creating Makefile
config.status:624: creating etc/Makefile
config.status:624: creating lisp/Makefile
config.status:624: creating texi/Makefile
config.status:624: creating texi/gnusconfig.tex
config.status:624: creating texi/ps/Makefile

## ---------------- ##
## Cache variables. ##
## ---------------- ##

EMACS_cv_ACCEPTABLE_URL=no
EMACS_cv_ACCEPTABLE_W3=no
EMACS_cv_SYS_prefix=/usr
EMACS_cv_SYS_url=no
EMACS_cv_SYS_w3_forms=no
EMACS_cv_SYS_xemacsp=no
ac_cv_env_build_alias_set=
ac_cv_env_build_alias_value=
ac_cv_env_host_alias_set=
ac_cv_env_host_alias_value=
ac_cv_env_target_alias_set=
ac_cv_env_target_alias_value=
ac_cv_path_LATEX=/usr/bin/latex
ac_cv_path_install='/usr/bin/install -c'
ac_cv_prog_EMACS=emacs
ac_cv_prog_MAKEINFO=makeinfo
ac_cv_prog_make_make_set=yes

## ----------------- ##
## Output variables. ##
## ----------------- ##

DEFS='-DPACKAGE_NAME=\"\" -DPACKAGE_TARNAME=\"\" -DPACKAGE_VERSION=\"\" -DPACKAGE_STRING=\"\" -DPACKAGE_BUGREPORT=\"\" '
ECHO_C=''
ECHO_N='-n'
ECHO_T=''
EMACS='emacs'
EMACS_FLAVOR='emacs'
FLAGS='-batch -q -no-site-file -l $(srcdir)/dgnushack.el'
HAVE_url='no'
HAVE_w3_forms='no'
INSTALL_DATA='${INSTALL} -m 644'
INSTALL_PROGRAM='${INSTALL}'
INSTALL_SCRIPT='${INSTALL}'
LATEX='/usr/bin/latex'
LIBOBJS=''
LIBS=''
LTLIBOBJS=''
MAKEINFO='makeinfo'
PACKAGE_BUGREPORT=''
PACKAGE_NAME=''
PACKAGE_STRING=''
PACKAGE_TARNAME=''
PACKAGE_VERSION=''
PATH_SEPARATOR=':'
SET_MAKE=''
SHELL='/bin/sh'
URL='no'
USE_FONTS=''
W3='no'
WITHOUT_FONTS_bcr=''
WITHOUT_FONTS_bembo=''
WITHOUT_FONTS_pfu=''
WITH_FONTS_bcr='%'
WITH_FONTS_bembo='%'
WITH_FONTS_pfu='%'
XEMACS='no'
bindir='${exec_prefix}/bin'
build_alias=''
datadir='${prefix}/share'
etcdir='$(lispdir)/../etc'
exec_prefix='${prefix}'
host_alias=''
includedir='${prefix}/include'
info_dir='$(prefix)/info'
infodir='${prefix}/info'
libdir='${exec_prefix}/lib'
libexecdir='${exec_prefix}/libexec'
lispdir='$(datadir)/emacs/site-lisp'
localstatedir='${prefix}/var'
mandir='${prefix}/man'
oldincludedir='/usr/include'
prefix='/usr'
program_transform_name='s,x,x,'
sbindir='${exec_prefix}/sbin'
sharedstatedir='${prefix}/com'
sysconfdir='${prefix}/etc'
target_alias=''

## ----------- ##
## confdefs.h. ##
## ----------- ##

#define PACKAGE_BUGREPORT ""
#define PACKAGE_NAME ""
#define PACKAGE_STRING ""
#define PACKAGE_TARNAME ""
#define PACKAGE_VERSION ""

configure: exit 0
