This is TeX, Version 3.141592 (MiKTeX 2.4) (preloaded format=texinfo 2006.8.29)  9 NOV 2006 12:47
**bhl.texi
(bhl.texi [Texinfo version 2006-07-16.16]
@cpindfile=@write3
@fnindfile=@write4
@vrindfile=@write5
@tpindfile=@write6
@kyindfile=@write7
@pgindfile=@write8
 (C:\texmf\tex\texinfo\base\txi-en.tex) [1] [2] [-1] (BHL mode : Plain text - H
TML - LaTeX - ...) Chapter 1 [1]
Cross reference values unknown; you must run TeX again. Chapter 2 [2]
Chapter 3 [3] [4] [5] [6] [7] [8] [9] [10] Chapter 4 [11] [12] [13] Chapter 5
[14] [15] Chapter 6 [16] [17] [18] [19] Chapter 7 [20] [21] [22] [23] [24]
[25] [26] Chapter 8 [27] [28] [29] [30] Chapter 9 [31] (Thanks) [32]
Missing character: There is no Å in font cmr10!
Missing character: There is no ˆ in font cmr10!
 [33]
(bhl.toc [-2]) [-3] ) 
Here is how much of TeX's memory you used:
 113 strings out of 96838
 1470 string characters out of 1207082
 39582 words of memory out of 1054267
 2374 multiletter control sequences out of 60000
 32127 words of font info for 112 fonts, out of 1000000 for 2000
 51 hyphenation exceptions out of 4999
 17i,7n,14p,125b,453s stack positions out of 5000i,500n,10000p,200000b,32768s

Output written on bhl.dvi (38 pages, 103456 bytes).
